c:\users\keith\source\repos\alphaturesrpg\alphaturesrpg\debug\alphaturesrpg.pch
c:\users\keith\source\repos\alphaturesrpg\alphaturesrpg\debug\vc141.pdb
c:\users\keith\source\repos\alphaturesrpg\alphaturesrpg\debug\vc141.idb
c:\users\keith\source\repos\alphaturesrpg\alphaturesrpg\debug\stdafx.obj
c:\users\keith\source\repos\alphaturesrpg\alphaturesrpg\debug\alphaturesrpg.obj
c:\users\keith\source\repos\alphaturesrpg\alphaturesrpg\debug\bag.obj
c:\users\keith\source\repos\alphaturesrpg\alphaturesrpg\debug\battlemode.obj
c:\users\keith\source\repos\alphaturesrpg\alphaturesrpg\debug\clockdisplay.obj
c:\users\keith\source\repos\alphaturesrpg\alphaturesrpg\debug\environment.obj
c:\users\keith\source\repos\alphaturesrpg\alphaturesrpg\debug\item.obj
c:\users\keith\source\repos\alphaturesrpg\alphaturesrpg\debug\main.obj
c:\users\keith\source\repos\alphaturesrpg\alphaturesrpg\debug\monster.obj
c:\users\keith\source\repos\alphaturesrpg\alphaturesrpg\debug\monsterteam.obj
c:\users\keith\source\repos\alphaturesrpg\alphaturesrpg\debug\npc.obj
c:\users\keith\source\repos\alphaturesrpg\alphaturesrpg\debug\outsidepanel.obj
c:\users\keith\source\repos\alphaturesrpg\alphaturesrpg\debug\player.obj
c:\users\keith\source\repos\alphaturesrpg\alphaturesrpg\debug\portal.obj
c:\users\keith\source\repos\alphaturesrpg\alphaturesrpg\debug\dialoguefeed.obj
c:\users\keith\source\repos\alphaturesrpg\debug\alphaturesrpg.exe
c:\users\keith\source\repos\alphaturesrpg\debug\alphaturesrpg.ilk
c:\users\keith\source\repos\alphaturesrpg\debug\alphaturesrpg.pdb
c:\users\keith\source\repos\alphaturesrpg\alphaturesrpg\debug\alphaturesrpg.tlog\cl.command.1.tlog
c:\users\keith\source\repos\alphaturesrpg\alphaturesrpg\debug\alphaturesrpg.tlog\cl.read.1.tlog
c:\users\keith\source\repos\alphaturesrpg\alphaturesrpg\debug\alphaturesrpg.tlog\cl.write.1.tlog
c:\users\keith\source\repos\alphaturesrpg\alphaturesrpg\debug\alphaturesrpg.tlog\link.command.1.tlog
c:\users\keith\source\repos\alphaturesrpg\alphaturesrpg\debug\alphaturesrpg.tlog\link.read.1.tlog
c:\users\keith\source\repos\alphaturesrpg\alphaturesrpg\debug\alphaturesrpg.tlog\link.write.1.tlog
